<?xml version="1.0" encoding="UTF-8"?>
<!-- Generated by org.testng.reporters.JUnitReportReporter -->
<testsuite hostname="melikeseymakorak" failures="0" tests="3" name="TestGenderSelection" time="20.466" errors="0" timestamp="2022-05-18T16:34:35 TRT" skipped="0">
  <testcase classname="TestGenderSelection" name="checkMaleButton" time="5.842"/>
  <system-out/>
  <testcase classname="TestGenderSelection" name="checkFemaleButton" time="8.219"/>
  <system-out/>
  <testcase classname="TestGenderSelection" name="checkOtherButton" time="6.405"/>
  <system-out/>
</testsuite> <!-- TestGenderSelection -->
