<?xml version="1.0" encoding="UTF-8"?>
<!-- Generated by org.testng.reporters.JUnitReportReporter -->
<testsuite hostname="melikeseymakorak" failures="0" tests="3" name="TestSettingNameLastNameEmail" time="18.001" errors="0" timestamp="2022-05-18T16:34:35 TRT" skipped="0">
  <testcase classname="TestSettingNameLastNameEmail" name="setName" time="6.238"/>
  <system-out/>
  <testcase classname="TestSettingNameLastNameEmail" name="setLastName" time="5.895"/>
  <system-out/>
  <testcase classname="TestSettingNameLastNameEmail" name="setEmail" time="5.868"/>
  <system-out/>
</testsuite> <!-- TestSettingNameLastNameEmail -->
